0 verbose cli /usr/bin/node /usr/bin/npm
1 info using npm@9.2.0
2 info using node@v18.13.0
3 timing npm:load:whichnode Completed in 0ms
4 timing config:load:defaults Completed in 4ms
5 timing config:load:file:/usr/share/nodejs/npm/npmrc Completed in 5ms
6 timing config:load:builtin Completed in 5ms
7 timing config:load:cli Completed in 5ms
8 timing config:load:env Completed in 2ms
9 timing config:load:project Completed in 2ms
10 timing config:load:file:/var/www/.npmrc Completed in 0ms
11 timing config:load:user Completed in 1ms
12 timing config:load:file:/etc/npmrc Completed in 0ms
13 timing config:load:global Completed in 1ms
14 timing config:load:setEnvs Completed in 2ms
15 timing config:load Completed in 23ms
16 timing npm:load:configload Completed in 23ms
17 timing npm:load:mkdirpcache Completed in 1ms
18 timing npm:load:mkdirplogs Completed in 0ms
19 verbose title npm install autoprefixer
20 verbose argv "install" "autoprefixer" "--save-dev"
21 timing npm:load:setTitle Completed in 4ms
22 timing config:load:flatten Completed in 8ms
23 timing npm:load:display Completed in 10ms
24 verbose logfile logs-max:10 dir:/var/www/.npm/_logs/2023-06-21T22_06_06_191Z-
25 verbose logfile /var/www/.npm/_logs/2023-06-21T22_06_06_191Z-debug-0.log
26 timing npm:load:logFile Completed in 13ms
27 timing npm:load:timers Completed in 0ms
28 timing npm:load:configScope Completed in 1ms
29 timing npm:load Completed in 53ms
30 silly logfile start cleaning logs, removing 1 files
31 timing config:load:flatten Completed in 1ms
32 timing arborist:ctor Completed in 2ms
33 silly logfile done cleaning log files
34 timing idealTree:init Completed in 145ms
35 timing idealTree:userRequests Completed in 3ms
36 silly idealTree buildDeps
37 silly fetch manifest autoprefixer@^10.4.7
38 timing arborist:ctor Completed in 0ms
39 http fetch GET 200 https://registry.npmjs.org/autoprefixer 300ms (cache revalidated)
40 silly fetch manifest postcss@^8.4.24
41 http fetch GET 200 https://registry.npmjs.org/postcss 14ms (cache hit)
42 silly placeDep ROOT autoprefixer@10.4.14 REPLACE for:  want: ^10.4.7
43 timing idealTree:#root Completed in 345ms
44 timing idealTree:node_modules/autoprefixer Completed in 0ms
45 timing idealTree:buildDeps Completed in 346ms
46 timing idealTree:fixDepFlags Completed in 2ms
47 timing idealTree Completed in 503ms
48 timing reify:loadTrees Completed in 504ms
49 timing reify:diffTrees Completed in 7ms
50 silly reify moves {}
51 timing reify:retireShallow Completed in 1ms
52 timing reify:createSparse Completed in 4ms
53 timing reify:loadBundles Completed in 0ms
54 silly audit bulk request {
54 silly audit   '@alloc/quick-lru': [ '5.2.0' ],
54 silly audit   '@alpinejs/focus': [ '3.12.2' ],
54 silly audit   '@esbuild/android-arm': [ '0.17.19' ],
54 silly audit   '@esbuild/android-arm64': [ '0.17.19' ],
54 silly audit   '@esbuild/android-x64': [ '0.17.19' ],
54 silly audit   '@esbuild/darwin-arm64': [ '0.17.19' ],
54 silly audit   '@esbuild/darwin-x64': [ '0.17.19' ],
54 silly audit   '@esbuild/freebsd-arm64': [ '0.17.19' ],
54 silly audit   '@esbuild/freebsd-x64': [ '0.17.19' ],
54 silly audit   '@esbuild/linux-arm': [ '0.17.19' ],
54 silly audit   '@esbuild/linux-arm64': [ '0.17.19' ],
54 silly audit   '@esbuild/linux-ia32': [ '0.17.19' ],
54 silly audit   '@esbuild/linux-loong64': [ '0.17.19' ],
54 silly audit   '@esbuild/linux-mips64el': [ '0.17.19' ],
54 silly audit   '@esbuild/linux-ppc64': [ '0.17.19' ],
54 silly audit   '@esbuild/linux-riscv64': [ '0.17.19' ],
54 silly audit   '@esbuild/linux-s390x': [ '0.17.19' ],
54 silly audit   '@esbuild/linux-x64': [ '0.17.19' ],
54 silly audit   '@esbuild/netbsd-x64': [ '0.17.19' ],
54 silly audit   '@esbuild/openbsd-x64': [ '0.17.19' ],
54 silly audit   '@esbuild/sunos-x64': [ '0.17.19' ],
54 silly audit   '@esbuild/win32-arm64': [ '0.17.19' ],
54 silly audit   '@esbuild/win32-ia32': [ '0.17.19' ],
54 silly audit   '@esbuild/win32-x64': [ '0.17.19' ],
54 silly audit   '@jridgewell/gen-mapping': [ '0.3.3' ],
54 silly audit   '@jridgewell/resolve-uri': [ '3.1.0' ],
54 silly audit   '@jridgewell/set-array': [ '1.1.2' ],
54 silly audit   '@jridgewell/sourcemap-codec': [ '1.4.15', '1.4.14' ],
54 silly audit   '@jridgewell/trace-mapping': [ '0.3.18' ],
54 silly audit   '@nodelib/fs.scandir': [ '2.1.5' ],
54 silly audit   '@nodelib/fs.stat': [ '2.0.5' ],
54 silly audit   '@nodelib/fs.walk': [ '1.2.8' ],
54 silly audit   '@tailwindcss/forms': [ '0.5.3' ],
54 silly audit   '@tailwindcss/typography': [ '0.5.9' ],
54 silly audit   '@vue/reactivity': [ '3.1.5' ],
54 silly audit   '@vue/shared': [ '3.1.5' ],
54 silly audit   alpinejs: [ '3.12.2' ],
54 silly audit   'any-promise': [ '1.3.0' ],
54 silly audit   anymatch: [ '3.1.3' ],
54 silly audit   arg: [ '5.0.2' ],
54 silly audit   asynckit: [ '0.4.0' ],
54 silly audit   axios: [ '1.4.0' ],
54 silly audit   'balanced-match': [ '1.0.2' ],
54 silly audit   'binary-extensions': [ '2.2.0' ],
54 silly audit   'brace-expansion': [ '1.1.11' ],
54 silly audit   braces: [ '3.0.2' ],
54 silly audit   browserslist: [ '4.21.9' ],
54 silly audit   'camelcase-css': [ '2.0.1' ],
54 silly audit   'caniuse-lite': [ '1.0.30001506' ],
54 silly audit   chokidar: [ '3.5.3' ],
54 silly audit   'glob-parent': [ '5.1.2', '6.0.2' ],
54 silly audit   'combined-stream': [ '1.0.8' ],
54 silly audit   commander: [ '4.1.1' ],
54 silly audit   'concat-map': [ '0.0.1' ],
54 silly audit   cssesc: [ '3.0.0' ],
54 silly audit   'delayed-stream': [ '1.0.0' ],
54 silly audit   didyoumean: [ '1.2.2' ],
54 silly audit   dlv: [ '1.1.3' ],
54 silly audit   'electron-to-chromium': [ '1.4.436' ],
54 silly audit   esbuild: [ '0.17.19' ],
54 silly audit   escalade: [ '3.1.1' ],
54 silly audit   'fast-glob': [ '3.2.12' ],
54 silly audit   fastq: [ '1.15.0' ],
54 silly audit   'fill-range': [ '7.0.1' ],
54 silly audit   'focus-trap': [ '6.9.4' ],
54 silly audit   'follow-redirects': [ '1.15.2' ],
54 silly audit   'form-data': [ '4.0.0' ],
54 silly audit   'fraction.js': [ '4.2.0' ],
54 silly audit   'fs.realpath': [ '1.0.0' ],
54 silly audit   fsevents: [ '2.3.2' ],
54 silly audit   'function-bind': [ '1.1.1' ],
54 silly audit   glob: [ '7.1.6' ],
54 silly audit   has: [ '1.0.3' ],
54 silly audit   inflight: [ '1.0.6' ],
54 silly audit   inherits: [ '2.0.4' ],
54 silly audit   'is-binary-path': [ '2.1.0' ],
54 silly audit   'is-core-module': [ '2.12.1' ],
54 silly audit   'is-extglob': [ '2.1.1' ],
54 silly audit   'is-glob': [ '4.0.3' ],
54 silly audit   'is-number': [ '7.0.0' ],
54 silly audit   jiti: [ '1.18.2' ],
54 silly audit   'laravel-vite-plugin': [ '0.7.8' ],
54 silly audit   lilconfig: [ '2.1.0' ],
54 silly audit   'lines-and-columns': [ '1.2.4' ],
54 silly audit   'lodash.castarray': [ '4.4.0' ],
54 silly audit   'lodash.isplainobject': [ '4.0.6' ],
54 silly audit   'lodash.merge': [ '4.6.2' ],
54 silly audit   merge2: [ '1.4.1' ],
54 silly audit   micromatch: [ '4.0.5' ],
54 silly audit   'mime-db': [ '1.52.0' ],
54 silly audit   'mime-types': [ '2.1.35' ],
54 silly audit   'mini-svg-data-uri': [ '1.4.4' ],
54 silly audit   minimatch: [ '3.1.2' ],
54 silly audit   mz: [ '2.7.0' ],
54 silly audit   nanoid: [ '3.3.6' ],
54 silly audit   'node-releases': [ '2.0.12' ],
54 silly audit   'normalize-path': [ '3.0.0' ],
54 silly audit   'normalize-range': [ '0.1.2' ],
54 silly audit   'object-assign': [ '4.1.1' ],
54 silly audit   'object-hash': [ '3.0.0' ],
54 silly audit   once: [ '1.4.0' ],
54 silly audit   'path-is-absolute': [ '1.0.1' ],
54 silly audit   'path-parse': [ '1.0.7' ],
54 silly audit   picocolors: [ '1.0.0' ],
54 silly audit   picomatch: [ '2.3.1' ],
54 silly audit   pify: [ '2.3.0' ],
54 silly audit   pirates: [ '4.0.6' ],
54 silly audit   postcss: [ '8.4.24' ],
54 silly audit   'postcss-import': [ '15.1.0' ],
54 silly audit   'postcss-js': [ '4.0.1' ],
54 silly audit   'postcss-load-config': [ '4.0.1' ],
54 silly audit   'postcss-nested': [ '6.0.1' ],
54 silly audit   'postcss-selector-parser': [ '6.0.13', '6.0.10' ],
54 silly audit   'postcss-value-parser': [ '4.2.0' ],
54 silly audit   'proxy-from-env': [ '1.1.0' ],
54 silly audit   'queue-microtask': [ '1.2.3' ],
54 silly audit   'read-cache': [ '1.0.0' ],
54 silly audit   readdirp: [ '3.6.0' ],
54 silly audit   resolve: [ '1.22.2' ],
54 silly audit   reusify: [ '1.0.4' ],
54 silly audit   rollup: [ '3.25.1' ],
54 silly audit   'run-parallel': [ '1.2.0' ],
54 silly audit   'source-map-js': [ '1.0.2' ],
54 silly audit   sucrase: [ '3.32.0' ],
54 silly audit   'supports-preserve-symlinks-flag': [ '1.0.0' ],
54 silly audit   tabbable: [ '5.3.3' ],
54 silly audit   tailwindcss: [ '3.3.2' ],
54 silly audit   thenify: [ '3.3.1' ],
54 silly audit   'thenify-all': [ '1.6.0' ],
54 silly audit   'to-regex-range': [ '5.0.1' ],
54 silly audit   'ts-interface-checker': [ '0.1.13' ],
54 silly audit   'update-browserslist-db': [ '1.0.11' ],
54 silly audit   'util-deprecate': [ '1.0.2' ],
54 silly audit   vite: [ '4.3.9' ],
54 silly audit   'vite-plugin-full-reload': [ '1.0.5' ],
54 silly audit   wrappy: [ '1.0.2' ],
54 silly audit   yaml: [ '2.3.1' ],
54 silly audit   autoprefixer: [ '10.4.14' ]
54 silly audit }
55 verbose reify failed optional dependency /var/www/node_modules/fsevents
56 silly reify mark deleted [ '/var/www/node_modules/fsevents' ]
57 verbose reify failed optional dependency /var/www/node_modules/@esbuild/win32-x64
58 silly reify mark deleted [ '/var/www/node_modules/@esbuild/win32-x64' ]
59 verbose reify failed optional dependency /var/www/node_modules/@esbuild/win32-ia32
60 silly reify mark deleted [ '/var/www/node_modules/@esbuild/win32-ia32' ]
61 verbose reify failed optional dependency /var/www/node_modules/@esbuild/win32-arm64
62 silly reify mark deleted [ '/var/www/node_modules/@esbuild/win32-arm64' ]
63 verbose reify failed optional dependency /var/www/node_modules/@esbuild/sunos-x64
64 silly reify mark deleted [ '/var/www/node_modules/@esbuild/sunos-x64' ]
65 verbose reify failed optional dependency /var/www/node_modules/@esbuild/openbsd-x64
66 silly reify mark deleted [ '/var/www/node_modules/@esbuild/openbsd-x64' ]
67 verbose reify failed optional dependency /var/www/node_modules/@esbuild/netbsd-x64
68 silly reify mark deleted [ '/var/www/node_modules/@esbuild/netbsd-x64' ]
69 verbose reify failed optional dependency /var/www/node_modules/@esbuild/linux-s390x
70 silly reify mark deleted [ '/var/www/node_modules/@esbuild/linux-s390x' ]
71 verbose reify failed optional dependency /var/www/node_modules/@esbuild/linux-riscv64
72 silly reify mark deleted [ '/var/www/node_modules/@esbuild/linux-riscv64' ]
73 verbose reify failed optional dependency /var/www/node_modules/@esbuild/linux-ppc64
74 silly reify mark deleted [ '/var/www/node_modules/@esbuild/linux-ppc64' ]
75 verbose reify failed optional dependency /var/www/node_modules/@esbuild/linux-mips64el
76 silly reify mark deleted [ '/var/www/node_modules/@esbuild/linux-mips64el' ]
77 verbose reify failed optional dependency /var/www/node_modules/@esbuild/linux-loong64
78 silly reify mark deleted [ '/var/www/node_modules/@esbuild/linux-loong64' ]
79 verbose reify failed optional dependency /var/www/node_modules/@esbuild/linux-ia32
80 silly reify mark deleted [ '/var/www/node_modules/@esbuild/linux-ia32' ]
81 verbose reify failed optional dependency /var/www/node_modules/@esbuild/linux-arm64
82 silly reify mark deleted [ '/var/www/node_modules/@esbuild/linux-arm64' ]
83 verbose reify failed optional dependency /var/www/node_modules/@esbuild/linux-arm
84 silly reify mark deleted [ '/var/www/node_modules/@esbuild/linux-arm' ]
85 verbose reify failed optional dependency /var/www/node_modules/@esbuild/freebsd-x64
86 silly reify mark deleted [ '/var/www/node_modules/@esbuild/freebsd-x64' ]
87 verbose reify failed optional dependency /var/www/node_modules/@esbuild/freebsd-arm64
88 silly reify mark deleted [ '/var/www/node_modules/@esbuild/freebsd-arm64' ]
89 verbose reify failed optional dependency /var/www/node_modules/@esbuild/darwin-x64
90 silly reify mark deleted [ '/var/www/node_modules/@esbuild/darwin-x64' ]
91 verbose reify failed optional dependency /var/www/node_modules/@esbuild/darwin-arm64
92 silly reify mark deleted [ '/var/www/node_modules/@esbuild/darwin-arm64' ]
93 verbose reify failed optional dependency /var/www/node_modules/@esbuild/android-x64
94 silly reify mark deleted [ '/var/www/node_modules/@esbuild/android-x64' ]
95 verbose reify failed optional dependency /var/www/node_modules/@esbuild/android-arm64
96 silly reify mark deleted [ '/var/www/node_modules/@esbuild/android-arm64' ]
97 verbose reify failed optional dependency /var/www/node_modules/@esbuild/android-arm
98 silly reify mark deleted [ '/var/www/node_modules/@esbuild/android-arm' ]
99 timing reifyNode:node_modules/fsevents Completed in 10ms
100 timing reifyNode:node_modules/@esbuild/win32-x64 Completed in 10ms
101 timing reifyNode:node_modules/@esbuild/win32-ia32 Completed in 11ms
102 timing reifyNode:node_modules/@esbuild/win32-arm64 Completed in 10ms
103 timing reifyNode:node_modules/@esbuild/sunos-x64 Completed in 10ms
104 timing reifyNode:node_modules/@esbuild/openbsd-x64 Completed in 10ms
105 timing reifyNode:node_modules/@esbuild/netbsd-x64 Completed in 10ms
106 timing reifyNode:node_modules/@esbuild/linux-s390x Completed in 10ms
107 timing reifyNode:node_modules/@esbuild/linux-riscv64 Completed in 9ms
108 timing reifyNode:node_modules/@esbuild/linux-ppc64 Completed in 9ms
109 timing reifyNode:node_modules/@esbuild/linux-mips64el Completed in 9ms
110 timing reifyNode:node_modules/@esbuild/linux-loong64 Completed in 9ms
111 timing reifyNode:node_modules/@esbuild/linux-ia32 Completed in 9ms
112 timing reifyNode:node_modules/@esbuild/linux-arm64 Completed in 9ms
113 timing reifyNode:node_modules/@esbuild/linux-arm Completed in 10ms
114 timing reifyNode:node_modules/@esbuild/freebsd-x64 Completed in 10ms
115 timing reifyNode:node_modules/@esbuild/freebsd-arm64 Completed in 10ms
116 timing reifyNode:node_modules/@esbuild/darwin-x64 Completed in 10ms
117 timing reifyNode:node_modules/@esbuild/darwin-arm64 Completed in 10ms
118 timing reifyNode:node_modules/@esbuild/android-x64 Completed in 10ms
119 timing reifyNode:node_modules/@esbuild/android-arm64 Completed in 9ms
120 timing reifyNode:node_modules/@esbuild/android-arm Completed in 9ms
121 timing reify:unpack Completed in 13ms
122 timing reify:unretire Completed in 0ms
123 timing build:queue Completed in 7ms
124 timing build:deps Completed in 7ms
125 timing build Completed in 9ms
126 timing reify:build Completed in 9ms
127 timing reify:trash Completed in 8ms
128 timing reify:save Completed in 51ms
129 http fetch POST 200 https://registry.npmjs.org/-/npm/v1/security/advisories/bulk 216ms
130 timing auditReport:getReport Completed in 224ms
131 silly audit report {}
132 timing auditReport:init Completed in 0ms
133 timing reify:audit Completed in 227ms
134 timing reify Completed in 754ms
135 silly ADD
136 silly ADD
137 silly ADD
138 silly ADD
139 silly ADD
140 silly ADD
141 silly ADD
142 silly ADD
143 silly ADD
144 silly ADD
145 silly ADD
146 silly ADD
147 silly ADD
148 silly ADD
149 silly ADD
150 silly ADD
151 silly ADD
152 silly ADD
153 silly ADD
154 silly ADD
155 silly ADD
156 silly ADD
157 timing command:install Completed in 803ms
158 verbose exit 0
159 timing npm Completed in 897ms
160 info ok
